[2022-06-29T18:38:46.367] [WARN] warning - Request received GET
[2022-06-29T18:38:46.368] [WARN] warning - The route http://localhost:8080/ doesn't exist
[2022-06-29T18:39:07.587] [WARN] warning - Request received GET
[2022-06-29T18:39:07.588] [WARN] warning - The route http://localhost:8080/HNAP1/ doesn't exist
[2022-06-30T10:19:24.579] [WARN] warning - Request received GET
[2022-06-30T10:19:24.581] [WARN] warning - The route http://localhost:8080/ doesn't exist
[2022-06-30T10:19:24.810] [WARN] warning - Request received GET
[2022-06-30T10:19:24.812] [WARN] warning - The route http://localhost:8080/favicon.ico doesn't exist
[2022-06-30T10:22:39.945] [WARN] warning - Request received GET
[2022-06-30T10:22:39.946] [WARN] warning - The route http://localhost:8080/favicon.ico doesn't exist
[2022-06-30T10:23:33.000] [WARN] warning - Request received GET
[2022-06-30T10:23:33.003] [WARN] warning - The route http://localhost:8080/favicon.ico doesn't exist
[2022-06-30T13:57:17.310] [WARN] warning - Request received GET
[2022-06-30T13:57:17.314] [WARN] warning - The route http://localhost:8080/favicon.ico doesn't exist
[2022-07-01T09:16:54.423] [WARN] warning - Request received GET
[2022-07-01T09:16:54.424] [WARN] warning - The route http://localhost:8080/ doesn't exist
[2022-07-02T18:33:00.668] [WARN] warning - Request received GET
[2022-07-02T18:33:00.670] [WARN] warning - The route http://localhost:8080/ doesn't exist
[2022-07-02T18:33:18.893] [WARN] warning - Request received GET
[2022-07-02T18:33:18.894] [WARN] warning - The route http://localhost:8080/HNAP1/ doesn't exist
[2022-07-03T23:08:46.625] [WARN] warning - Request received GET
[2022-07-03T23:08:46.627] [WARN] warning - The route http://localhost:8080/ doesn't exist
[2022-07-03T23:09:07.915] [WARN] warning - Request received GET
[2022-07-03T23:09:07.916] [WARN] warning - The route http://localhost:8080/HNAP1/ doesn't exist
[2022-07-04T23:18:04.299] [WARN] warning - Request received GET
[2022-07-04T23:18:04.300] [WARN] warning - The route http://localhost:8080/ doesn't exist
[2022-07-08T09:38:48.941] [WARN] warning - Request received GET
[2022-07-08T09:38:48.943] [WARN] warning - The route http://localhost:8080/ doesn't exist
[2022-07-08T09:39:10.169] [WARN] warning - Request received GET
[2022-07-08T09:39:10.170] [WARN] warning - The route http://localhost:8080/HNAP1/ doesn't exist
[2022-07-09T19:02:26.160] [WARN] warning - Request received GET
[2022-07-09T19:02:26.162] [WARN] warning - The route http://localhost:8080/ doesn't exist
[2022-07-09T19:02:32.308] [WARN] warning - Request received GET
[2022-07-09T19:02:32.309] [WARN] warning - The route http://localhost:8080/HNAP1/ doesn't exist
[2022-07-10T20:07:00.217] [WARN] warning - Request received GET
[2022-07-10T20:07:00.218] [WARN] warning - The route http://localhost:8080/ doesn't exist
[2022-07-10T20:07:15.416] [WARN] warning - Request received GET
[2022-07-10T20:07:15.417] [WARN] warning - The route http://localhost:8080/HNAP1/ doesn't exist
[2022-07-14T09:52:54.181] [WARN] warning - Request received GET
[2022-07-14T09:52:54.182] [WARN] warning - The route http://localhost:8080/ doesn't exist
[2022-07-14T09:53:12.441] [WARN] warning - Request received GET
[2022-07-14T09:53:12.442] [WARN] warning - The route http://localhost:8080/HNAP1/ doesn't exist
[2022-07-15T10:01:37.754] [WARN] warning - Request received GET
[2022-07-15T10:01:37.755] [WARN] warning - The route http://localhost:8080/ doesn't exist
[2022-07-15T10:01:52.918] [WARN] warning - Request received GET
[2022-07-15T10:01:52.918] [WARN] warning - The route http://localhost:8080/HNAP1/ doesn't exist
[2022-07-16T19:36:51.133] [WARN] warning - Request received GET
[2022-07-16T19:36:51.134] [WARN] warning - The route http://localhost:8080/ doesn't exist
[2022-07-16T19:37:06.292] [WARN] warning - Request received GET
[2022-07-16T19:37:06.293] [WARN] warning - The route http://localhost:8080/HNAP1/ doesn't exist
[2022-07-18T17:44:55.572] [WARN] warning - Request received GET
[2022-07-18T17:44:55.573] [WARN] warning - The route http://localhost:8080/ doesn't exist
[2022-07-18T17:45:10.788] [WARN] warning - Request received GET
[2022-07-18T17:45:10.789] [WARN] warning - The route http://localhost:8080/HNAP1/ doesn't exist
[2022-07-20T00:41:40.192] [WARN] warning - Request received GET
[2022-07-20T00:41:40.193] [WARN] warning - The route http://localhost:8080/charactersmovies doesn't exist
[2022-07-25T23:51:33.547] [WARN] warning - Request received GET
[2022-07-25T23:51:33.549] [WARN] warning - The route http://localhost:8081/ doesn't exist
[2022-07-25T23:51:33.741] [WARN] warning - Request received GET
[2022-07-25T23:51:33.744] [WARN] warning - The route http://localhost:8081/favicon.ico doesn't exist
[2022-07-25T23:51:53.370] [WARN] warning - Request received GET
[2022-07-25T23:51:53.371] [WARN] warning - The route http://localhost:8081/favicon.ico doesn't exist
[2022-07-26T00:15:04.863] [WARN] warning - Request received GET
[2022-07-26T00:15:04.864] [WARN] warning - The route http://localhost:8081/favicon.ico doesn't exist
[2022-07-26T00:19:28.076] [WARN] warning - Request received GET
[2022-07-26T00:19:28.076] [WARN] warning - The route http://localhost:8081/ doesn't exist
[2022-07-26T00:19:43.661] [WARN] warning - Request received GET
[2022-07-26T00:19:43.662] [WARN] warning - The route http://localhost:8081/HNAP1/ doesn't exist
[2022-07-26T11:52:24.824] [WARN] warning - Request received GET
[2022-07-26T11:52:24.826] [WARN] warning - The route http://localhost:8081/doc doesn't exist
[2022-07-26T11:52:24.953] [WARN] warning - Request received GET
[2022-07-26T11:52:24.956] [WARN] warning - The route http://localhost:8081/favicon.ico doesn't exist
[2022-07-26T11:52:28.325] [WARN] warning - Request received GET
[2022-07-26T11:52:28.326] [WARN] warning - The route http://localhost:8081/docs doesn't exist
[2022-07-26T11:52:28.385] [WARN] warning - Request received GET
[2022-07-26T11:52:28.385] [WARN] warning - The route http://localhost:8081/favicon.ico doesn't exist
[2022-07-26T11:53:24.022] [WARN] warning - Request received GET
[2022-07-26T11:53:24.024] [WARN] warning - The route http://localhost:8081/doc doesn't exist
[2022-07-26T11:53:24.076] [WARN] warning - Request received GET
[2022-07-26T11:53:24.077] [WARN] warning - The route http://localhost:8081/favicon.ico doesn't exist
[2022-07-26T11:53:32.862] [WARN] warning - Request received GET
[2022-07-26T11:53:32.866] [WARN] warning - The route http://localhost:8081/docs doesn't exist
[2022-07-26T11:53:32.924] [WARN] warning - Request received GET
[2022-07-26T11:53:32.925] [WARN] warning - The route http://localhost:8081/favicon.ico doesn't exist
[2022-07-26T11:54:29.631] [WARN] warning - Request received GET
[2022-07-26T11:54:29.632] [WARN] warning - The route http://localhost:8081/docs doesn't exist
[2022-07-26T11:54:29.684] [WARN] warning - Request received GET
[2022-07-26T11:54:29.685] [WARN] warning - The route http://localhost:8081/favicon.ico doesn't exist
[2022-07-26T11:54:32.475] [WARN] warning - Request received GET
[2022-07-26T11:54:32.476] [WARN] warning - The route http://localhost:8081/docs doesn't exist
[2022-07-26T11:54:32.548] [WARN] warning - Request received GET
[2022-07-26T11:54:32.549] [WARN] warning - The route http://localhost:8081/favicon.ico doesn't exist
[2022-07-26T11:54:33.807] [WARN] warning - Request received GET
[2022-07-26T11:54:33.808] [WARN] warning - The route http://localhost:8081/docs doesn't exist
[2022-07-26T11:54:33.869] [WARN] warning - Request received GET
[2022-07-26T11:54:33.869] [WARN] warning - The route http://localhost:8081/favicon.ico doesn't exist
[2022-07-26T11:54:35.169] [WARN] warning - Request received GET
[2022-07-26T11:54:35.169] [WARN] warning - The route http://localhost:8081/docs doesn't exist
[2022-07-26T11:54:35.219] [WARN] warning - Request received GET
[2022-07-26T11:54:35.220] [WARN] warning - The route http://localhost:8081/favicon.ico doesn't exist
[2022-07-27T08:12:55.419] [WARN] warning - Request received GET
[2022-07-27T08:12:55.421] [WARN] warning - The route http://localhost:8081/ doesn't exist
[2022-07-27T08:12:55.578] [WARN] warning - Request received GET
[2022-07-27T08:12:55.581] [WARN] warning - The route http://localhost:8081/favicon.ico doesn't exist
[2022-07-27T08:12:59.306] [WARN] warning - Request received GET
[2022-07-27T08:12:59.307] [WARN] warning - The route http://localhost:8081/ doesn't exist
[2022-07-27T08:12:59.359] [WARN] warning - Request received GET
[2022-07-27T08:12:59.359] [WARN] warning - The route http://localhost:8081/favicon.ico doesn't exist
[2022-07-27T08:13:13.670] [WARN] warning - Request received GET
[2022-07-27T08:13:13.672] [WARN] warning - The route http://localhost:8081/ doesn't exist
[2022-07-27T08:13:13.762] [WARN] warning - Request received GET
[2022-07-27T08:13:13.763] [WARN] warning - The route http://localhost:8081/favicon.ico doesn't exist
[2022-07-27T08:13:18.224] [WARN] warning - Request received GET
[2022-07-27T08:13:18.225] [WARN] warning - The route http://localhost:8081/login doesn't exist
[2022-07-27T08:13:18.299] [WARN] warning - Request received GET
[2022-07-27T08:13:18.300] [WARN] warning - The route http://localhost:8081/favicon.ico doesn't exist
[2022-07-27T08:13:57.127] [WARN] warning - Request received GET
[2022-07-27T08:13:57.128] [WARN] warning - The route http://localhost:8081/favicon.ico doesn't exist
[2022-07-27T08:14:16.889] [WARN] warning - Request received GET
[2022-07-27T08:14:16.891] [WARN] warning - The route http://localhost:8081/favicon.ico doesn't exist
[2022-07-27T08:14:26.415] [WARN] warning - Request received GET
[2022-07-27T08:14:26.415] [WARN] warning - The route http://localhost:8081/auth/login doesn't exist
[2022-07-27T08:14:26.483] [WARN] warning - Request received GET
[2022-07-27T08:14:26.484] [WARN] warning - The route http://localhost:8081/favicon.ico doesn't exist
[2022-07-27T08:16:08.039] [WARN] warning - Request received GET
[2022-07-27T08:16:08.040] [WARN] warning - The route http://localhost:8081/ doesn't exist
[2022-07-27T08:16:08.142] [WARN] warning - Request received GET
[2022-07-27T08:16:08.143] [WARN] warning - The route http://localhost:8081/favicon.ico doesn't exist
[2022-07-27T08:16:28.733] [WARN] warning - Request received GET
[2022-07-27T08:16:28.736] [WARN] warning - The route http://localhost:8081/ doesn't exist
[2022-07-27T08:16:28.787] [WARN] warning - Request received GET
[2022-07-27T08:16:28.789] [WARN] warning - The route http://localhost:8081/favicon.ico doesn't exist
[2022-07-27T08:17:10.797] [WARN] warning - Request received GET
[2022-07-27T08:17:10.799] [WARN] warning - The route http://localhost:8081/ doesn't exist
[2022-07-27T08:17:10.833] [WARN] warning - Request received GET
[2022-07-27T08:17:10.835] [WARN] warning - The route http://localhost:8081/favicon.ico doesn't exist
[2022-07-27T08:17:11.790] [WARN] warning - Request received GET
[2022-07-27T08:17:11.791] [WARN] warning - The route http://localhost:8081/ doesn't exist
[2022-07-27T08:17:11.820] [WARN] warning - Request received GET
[2022-07-27T08:17:11.821] [WARN] warning - The route http://localhost:8081/favicon.ico doesn't exist
[2022-07-27T08:17:12.569] [WARN] warning - Request received GET
[2022-07-27T08:17:12.570] [WARN] warning - The route http://localhost:8081/ doesn't exist
[2022-07-27T08:17:12.593] [WARN] warning - Request received GET
[2022-07-27T08:17:12.594] [WARN] warning - The route http://localhost:8081/favicon.ico doesn't exist
[2022-07-27T08:17:26.243] [WARN] warning - Request received GET
[2022-07-27T08:17:26.244] [WARN] warning - The route http://localhost:8081/ doesn't exist
[2022-07-27T08:17:26.272] [WARN] warning - Request received GET
[2022-07-27T08:17:26.273] [WARN] warning - The route http://localhost:8081/favicon.ico doesn't exist
[2022-07-27T08:17:34.968] [WARN] warning - Request received GET
[2022-07-27T08:17:34.970] [WARN] warning - The route http://localhost:8081/auth/login doesn't exist
[2022-07-27T08:17:35.012] [WARN] warning - Request received GET
[2022-07-27T08:17:35.014] [WARN] warning - The route http://localhost:8081/favicon.ico doesn't exist
[2022-07-27T08:18:34.388] [WARN] warning - Request received GET
[2022-07-27T08:18:34.388] [WARN] warning - The route http://localhost:8081/auth/login doesn't exist
[2022-07-27T08:18:34.439] [WARN] warning - Request received GET
[2022-07-27T08:18:34.441] [WARN] warning - The route http://localhost:8081/favicon.ico doesn't exist
[2022-07-27T08:18:39.242] [WARN] warning - Request received GET
[2022-07-27T08:18:39.243] [WARN] warning - The route http://localhost:8081/ doesn't exist
[2022-07-27T08:18:39.297] [WARN] warning - Request received GET
[2022-07-27T08:18:39.298] [WARN] warning - The route http://localhost:8081/favicon.ico doesn't exist
[2022-07-27T08:19:29.876] [WARN] warning - Request received GET
[2022-07-27T08:19:29.877] [WARN] warning - The route http://localhost:8082/ doesn't exist
[2022-07-27T08:19:29.931] [WARN] warning - Request received GET
[2022-07-27T08:19:29.933] [WARN] warning - The route http://localhost:8082/favicon.ico doesn't exist
[2022-07-27T08:26:44.478] [WARN] warning - Request received GET
[2022-07-27T08:26:44.480] [WARN] warning - The route http://localhost:8081/doc doesn't exist
[2022-07-27T08:26:44.659] [WARN] warning - Request received GET
[2022-07-27T08:26:44.660] [WARN] warning - The route http://localhost:8081/favicon.ico doesn't exist
[2022-07-27T08:30:12.669] [WARN] warning - Request received GET
[2022-07-27T08:30:12.671] [WARN] warning - The route http://localhost:8081/doc doesn't exist
[2022-07-27T08:30:12.728] [WARN] warning - Request received GET
[2022-07-27T08:30:12.729] [WARN] warning - The route http://localhost:8081/favicon.ico doesn't exist
[2022-07-27T08:30:16.287] [WARN] warning - Request received GET
[2022-07-27T08:30:16.288] [WARN] warning - The route http://localhost:8081/ doesn't exist
[2022-07-27T08:30:16.373] [WARN] warning - Request received GET
[2022-07-27T08:30:16.374] [WARN] warning - The route http://localhost:8081/favicon.ico doesn't exist
[2022-07-27T08:30:18.347] [WARN] warning - Request received GET
[2022-07-27T08:30:18.348] [WARN] warning - The route http://localhost:8081/ doesn't exist
[2022-07-27T08:30:18.408] [WARN] warning - Request received GET
[2022-07-27T08:30:18.409] [WARN] warning - The route http://localhost:8081/favicon.ico doesn't exist
[2022-07-27T08:30:19.621] [WARN] warning - Request received GET
[2022-07-27T08:30:19.621] [WARN] warning - The route http://localhost:8081/ doesn't exist
[2022-07-27T08:30:19.678] [WARN] warning - Request received GET
[2022-07-27T08:30:19.681] [WARN] warning - The route http://localhost:8081/favicon.ico doesn't exist
[2022-07-27T08:30:19.813] [WARN] warning - Request received GET
[2022-07-27T08:30:19.814] [WARN] warning - The route http://localhost:8081/ doesn't exist
[2022-07-27T08:30:19.882] [WARN] warning - Request received GET
[2022-07-27T08:30:19.883] [WARN] warning - The route http://localhost:8081/favicon.ico doesn't exist
[2022-07-27T08:30:19.987] [WARN] warning - Request received GET
[2022-07-27T08:30:19.987] [WARN] warning - The route http://localhost:8081/ doesn't exist
[2022-07-27T08:30:20.045] [WARN] warning - Request received GET
[2022-07-27T08:30:20.046] [WARN] warning - The route http://localhost:8081/favicon.ico doesn't exist
[2022-07-27T08:30:20.207] [WARN] warning - Request received GET
[2022-07-27T08:30:20.208] [WARN] warning - The route http://localhost:8081/ doesn't exist
[2022-07-27T08:30:20.275] [WARN] warning - Request received GET
[2022-07-27T08:30:20.276] [WARN] warning - The route http://localhost:8081/favicon.ico doesn't exist
[2022-07-27T08:30:28.933] [WARN] warning - Request received GET
[2022-07-27T08:30:28.935] [WARN] warning - The route http://localhost:8081/auth/login doesn't exist
[2022-07-27T08:30:29.023] [WARN] warning - Request received GET
[2022-07-27T08:30:29.023] [WARN] warning - The route http://localhost:8081/favicon.ico doesn't exist
[2022-07-27T08:31:30.716] [WARN] warning - Request received GET
[2022-07-27T08:31:30.717] [WARN] warning - The route http://localhost:8081/auth/login doesn't exist
[2022-07-27T08:31:30.768] [WARN] warning - Request received GET
[2022-07-27T08:31:30.769] [WARN] warning - The route http://localhost:8081/favicon.ico doesn't exist
[2022-07-27T08:31:32.189] [WARN] warning - Request received GET
[2022-07-27T08:31:32.190] [WARN] warning - The route http://localhost:8081/auth/login doesn't exist
[2022-07-27T08:31:32.237] [WARN] warning - Request received GET
[2022-07-27T08:31:32.242] [WARN] warning - The route http://localhost:8081/favicon.ico doesn't exist
[2022-07-27T08:31:32.843] [WARN] warning - Request received GET
[2022-07-27T08:31:32.844] [WARN] warning - The route http://localhost:8081/auth/login doesn't exist
[2022-07-27T08:31:32.900] [WARN] warning - Request received GET
[2022-07-27T08:31:32.900] [WARN] warning - The route http://localhost:8081/favicon.ico doesn't exist
[2022-07-27T08:31:33.039] [WARN] warning - Request received GET
[2022-07-27T08:31:33.040] [WARN] warning - The route http://localhost:8081/auth/login doesn't exist
[2022-07-27T08:31:33.087] [WARN] warning - Request received GET
[2022-07-27T08:31:33.087] [WARN] warning - The route http://localhost:8081/favicon.ico doesn't exist
[2022-07-27T08:31:33.215] [WARN] warning - Request received GET
[2022-07-27T08:31:33.216] [WARN] warning - The route http://localhost:8081/auth/login doesn't exist
[2022-07-27T08:31:33.262] [WARN] warning - Request received GET
[2022-07-27T08:31:33.262] [WARN] warning - The route http://localhost:8081/favicon.ico doesn't exist
[2022-07-27T08:31:33.369] [WARN] warning - Request received GET
[2022-07-27T08:31:33.370] [WARN] warning - The route http://localhost:8081/auth/login doesn't exist
[2022-07-27T08:31:33.431] [WARN] warning - Request received GET
[2022-07-27T08:31:33.431] [WARN] warning - The route http://localhost:8081/favicon.ico doesn't exist
[2022-07-27T08:31:33.882] [WARN] warning - Request received GET
[2022-07-27T08:31:33.883] [WARN] warning - The route http://localhost:8081/auth/login doesn't exist
[2022-07-27T08:31:33.936] [WARN] warning - Request received GET
[2022-07-27T08:31:33.936] [WARN] warning - The route http://localhost:8081/favicon.ico doesn't exist
[2022-07-27T08:31:35.602] [WARN] warning - Request received GET
[2022-07-27T08:31:35.602] [WARN] warning - The route http://localhost:8081/auth/login doesn't exist
[2022-07-27T08:31:35.661] [WARN] warning - Request received GET
[2022-07-27T08:31:35.663] [WARN] warning - The route http://localhost:8081/favicon.ico doesn't exist
[2022-07-27T08:31:37.546] [WARN] warning - Request received GET
[2022-07-27T08:31:37.546] [WARN] warning - The route http://localhost:8081/auth/login doesn't exist
[2022-07-27T08:31:37.599] [WARN] warning - Request received GET
[2022-07-27T08:31:37.600] [WARN] warning - The route http://localhost:8081/favicon.ico doesn't exist
[2022-07-27T08:31:37.961] [WARN] warning - Request received GET
[2022-07-27T08:31:37.961] [WARN] warning - The route http://localhost:8081/auth/login doesn't exist
[2022-07-27T08:31:38.012] [WARN] warning - Request received GET
[2022-07-27T08:31:38.012] [WARN] warning - The route http://localhost:8081/favicon.ico doesn't exist
[2022-07-27T08:31:38.152] [WARN] warning - Request received GET
[2022-07-27T08:31:38.152] [WARN] warning - The route http://localhost:8081/auth/login doesn't exist
[2022-07-27T08:31:38.200] [WARN] warning - Request received GET
[2022-07-27T08:31:38.200] [WARN] warning - The route http://localhost:8081/favicon.ico doesn't exist
[2022-07-27T08:31:38.342] [WARN] warning - Request received GET
[2022-07-27T08:31:38.343] [WARN] warning - The route http://localhost:8081/auth/login doesn't exist
[2022-07-27T08:31:38.397] [WARN] warning - Request received GET
[2022-07-27T08:31:38.397] [WARN] warning - The route http://localhost:8081/favicon.ico doesn't exist
[2022-07-27T08:31:38.512] [WARN] warning - Request received GET
[2022-07-27T08:31:38.512] [WARN] warning - The route http://localhost:8081/auth/login doesn't exist
[2022-07-27T08:31:38.570] [WARN] warning - Request received GET
[2022-07-27T08:31:38.573] [WARN] warning - The route http://localhost:8081/favicon.ico doesn't exist
[2022-07-27T08:31:38.698] [WARN] warning - Request received GET
[2022-07-27T08:31:38.699] [WARN] warning - The route http://localhost:8081/auth/login doesn't exist
[2022-07-27T08:31:38.761] [WARN] warning - Request received GET
[2022-07-27T08:31:38.761] [WARN] warning - The route http://localhost:8081/favicon.ico doesn't exist
[2022-07-27T08:31:38.913] [WARN] warning - Request received GET
[2022-07-27T08:31:38.913] [WARN] warning - The route http://localhost:8081/auth/login doesn't exist
[2022-07-27T08:31:38.968] [WARN] warning - Request received GET
[2022-07-27T08:31:38.968] [WARN] warning - The route http://localhost:8081/favicon.ico doesn't exist
[2022-07-27T08:31:39.844] [WARN] warning - Request received GET
[2022-07-27T08:31:39.845] [WARN] warning - The route http://localhost:8081/auth/login doesn't exist
[2022-07-27T08:31:39.901] [WARN] warning - Request received GET
[2022-07-27T08:31:39.901] [WARN] warning - The route http://localhost:8081/favicon.ico doesn't exist
[2022-07-27T08:32:29.679] [WARN] warning - Request received GET
[2022-07-27T08:32:29.681] [WARN] warning - The route http://localhost:8081/ doesn't exist
[2022-07-27T08:32:29.847] [WARN] warning - Request received GET
[2022-07-27T08:32:29.848] [WARN] warning - The route http://localhost:8081/favicon.ico doesn't exist
[2022-07-27T08:33:58.078] [WARN] warning - Request received GET
[2022-07-27T08:33:58.078] [WARN] warning - The route http://localhost:8081/favicon.ico doesn't exist
[2022-07-27T08:34:14.230] [WARN] warning - Request received GET
[2022-07-27T08:34:14.231] [WARN] warning - The route http://localhost:8081/favicon.ico doesn't exist
[2022-07-27T08:37:19.592] [WARN] warning - Request received GET
[2022-07-27T08:37:19.593] [WARN] warning - The route http://localhost:8081/doc doesn't exist
[2022-07-27T08:37:19.644] [WARN] warning - Request received GET
[2022-07-27T08:37:19.646] [WARN] warning - The route http://localhost:8081/favicon.ico doesn't exist
[2022-07-27T08:37:23.868] [WARN] warning - Request received GET
[2022-07-27T08:37:23.869] [WARN] warning - The route http://localhost:8081/doc doesn't exist
[2022-07-27T08:37:23.917] [WARN] warning - Request received GET
[2022-07-27T08:37:23.918] [WARN] warning - The route http://localhost:8081/favicon.ico doesn't exist
[2022-07-28T08:12:58.382] [WARN] warning - Request received GET
[2022-07-28T08:12:58.387] [WARN] warning - The route http://localhost:8081/ doesn't exist
[2022-07-28T08:13:19.784] [WARN] warning - Request received GET
[2022-07-28T08:13:19.785] [WARN] warning - The route http://localhost:8081/HNAP1/ doesn't exist
